<?xml version="1.0" encoding="UTF-8"?>
<!-- Generated by org.testng.reporters.JUnitXMLReporter -->
<testsuite hostname="DESKTOP-JN1JGBI" name="Default test" tests="3" failures="0" timestamp="7 May 2020 11:25:31 GMT" time="20.583" errors="0">
  <testcase name="Yahoo" time="7.807" classname="com.snehajenkins.NewTestPriority"/>
  <testcase name="f" time="4.116" classname="com.snehajenkins.NewTestPriority"/>
  <testcase name="Gmail" time="4.11" classname="com.snehajenkins.NewTestPriority"/>
</testsuite> <!-- Default test -->
