<?xml version="1.0" encoding="UTF-8"?>
<!-- Generated by org.testng.reporters.JUnitXMLReporter -->
<testsuite hostname="DESKTOP-JN1JGBI" name="Test" tests="8" failures="0" timestamp="27 Apr 2020 11:33:20 GMT" time="97.363" errors="0">
  <testcase name="Yahoo" time="7.306" classname="com.snehajenkins.NewTestPriority"/>
  <testcase name="clickonGmail" time="27.534" classname="com.snehajenkins.NewtestMethod"/>
  <testcase name="f" time="3.319" classname="com.snehajenkins.NewTestPriority"/>
  <testcase name="clickonImages" time="5.014" classname="com.snehajenkins.NewtestMethod"/>
  <testcase name="Gmail" time="5.849" classname="com.snehajenkins.NewTestPriority"/>
  <testcase name="clickonAdvertisement" time="4.989" classname="com.snehajenkins.NewtestMethod"/>
  <testcase name="clickonBusiness" time="3.804" classname="com.snehajenkins.NewtestMethod"/>
  <testcase name="clickonAbout" time="4.275" classname="com.snehajenkins.NewtestMethod"/>
</testsuite> <!-- Test -->
