<?xml version="1.0" encoding="UTF-8"?>
<!-- Generated by org.testng.reporters.JUnitXMLReporter -->
<testsuite hostname="DESKTOP-JN1JGBI" name="Test" tests="8" failures="0" timestamp="27 Apr 2020 12:14:55 GMT" time="90.053" errors="0">
  <testcase name="Yahoo" time="7.683" classname="com.snehajenkins.NewTestPriority"/>
  <testcase name="clickonGmail" time="15.093" classname="com.snehajenkins.NewtestMethod"/>
  <testcase name="f" time="1.93" classname="com.snehajenkins.NewTestPriority"/>
  <testcase name="clickonImages" time="14.752" classname="com.snehajenkins.NewtestMethod"/>
  <testcase name="Gmail" time="2.805" classname="com.snehajenkins.NewTestPriority"/>
  <testcase name="clickonAdvertisement" time="3.771" classname="com.snehajenkins.NewtestMethod"/>
  <testcase name="clickonBusiness" time="1.572" classname="com.snehajenkins.NewtestMethod"/>
  <testcase name="clickonAbout" time="2.192" classname="com.snehajenkins.NewtestMethod"/>
</testsuite> <!-- Test -->
