<?xml version="1.0" encoding="UTF-8"?>
<testsuite xmlns:xsi="http://www.w3.org/2001/XMLSchema-instance" xsi:noNamespaceSchemaLocation="https://maven.apache.org/surefire/maven-surefire-plugin/xsd/surefire-test-report-3.0.xsd" version="3.0" name="TestSuite" time="92.044" tests="8" errors="0" skipped="0" failures="0">
  <properties>
[...]
</properties>
  <testcase name="Yahoo" classname="com.snehajenkins.NewTestPriority" time="7.687"/>
  <testcase name="f" classname="com.snehajenkins.NewTestPriority" time="1.928"/>
  <testcase name="Gmail" classname="com.snehajenkins.NewTestPriority" time="2.805"/>
  <testcase name="clickonGmail" classname="com.snehajenkins.NewtestMethod" time="15.093"/>
  <testcase name="clickonImages" classname="com.snehajenkins.NewtestMethod" time="14.752"/>
  <testcase name="clickonAdvertisement" classname="com.snehajenkins.NewtestMethod" time="3.772"/>
  <testcase name="clickonBusiness" classname="com.snehajenkins.NewtestMethod" time="1.569"/>
  <testcase name="clickonAbout" classname="com.snehajenkins.NewtestMethod" time="2.189"/>
</testsuite>